Semilla: 0
Tolerancia relativa: 0.1

Trafico 0:
Probabilidad de bloqueo estimada: 0.0150721
	Confidence interval 1: (0.0136397,0.0165045) with coverage: 0.9
	Confidence interval 2: (0.0135649,0.0165793) with coverage: 0.916626
	Number of samples: 123274
	Variance: 0.0148451
	Standard deviation: 0.12184
	Maximum sample: 1
	Minimum sample: 0


Trafico 1:
Probabilidad de bloqueo estimada: 0.0146847
	Confidence interval 1: (0.0133809,0.0159884) with coverage: 0.9
	Confidence interval 2: (0.0132162,0.0161532) with coverage: 0.933991
	Number of samples: 124211
	Variance: 0.0144692
	Standard deviation: 0.120288
	Maximum sample: 1
	Minimum sample: 0


Trafico 2:
Probabilidad de bloqueo estimada: 0.014729
	Confidence interval 1: (0.0135091,0.0159489) with coverage: 0.9
	Confidence interval 2: (0.0132561,0.0162019) with coverage: 0.949511
	Number of samples: 123973
	Variance: 0.0145122
	Standard deviation: 0.120467
	Maximum sample: 1
	Minimum sample: 0


Trafico 3:
Probabilidad de bloqueo estimada: 0.0145268
	Confidence interval 1: (0.0131467,0.0159069) with coverage: 0.9
	Confidence interval 2: (0.0130741,0.0159795) with coverage: 0.913952
	Number of samples: 123909
	Variance: 0.0143159
	Standard deviation: 0.119649
	Maximum sample: 1
	Minimum sample: 0


