Semilla: 100
Tolerancia relativa: 0.01

Trafico 0:
Probabilidad de bloqueo estimada: 0.00984423
	Confidence interval 1: (0.00976182,0.00992663) with coverage: 0.95
	Confidence interval 2: (0.00974578,0.00994267) with coverage: 0.979443
	Number of samples: 18511663
	Variance: 0.00974732
	Standard deviation: 0.0987285
	Maximum sample: 1
	Minimum sample: 0


Trafico 1:
Probabilidad de bloqueo estimada: 0.00983358
	Confidence interval 1: (0.00975259,0.00991457) with coverage: 0.95
	Confidence interval 2: (0.00973525,0.00993192) with coverage: 0.98136
	Number of samples: 18514716
	Variance: 0.00973688
	Standard deviation: 0.0986757
	Maximum sample: 1
	Minimum sample: 0


Trafico 2:
Probabilidad de bloqueo estimada: 0.00989049
	Confidence interval 1: (0.00981357,0.00996741) with coverage: 0.95
	Confidence interval 2: (0.00979159,0.0099894) with coverage: 0.986896
	Number of samples: 18508788
	Variance: 0.00979267
	Standard deviation: 0.0989579
	Maximum sample: 1
	Minimum sample: 0


Trafico 3:
Probabilidad de bloqueo estimada: 0.00983927
	Confidence interval 1: (0.00975178,0.00992676) with coverage: 0.95
	Confidence interval 2: (0.00974087,0.00993766) with coverage: 0.971125
	Number of samples: 18528820
	Variance: 0.00974246
	Standard deviation: 0.0987039
	Maximum sample: 1
	Minimum sample: 0


Trafico 4:
Probabilidad de bloqueo estimada: 0.00990483
	Confidence interval 1: (0.00982847,0.00998119) with coverage: 0.95
	Confidence interval 2: (0.00980578,0.0100039) with coverage: 0.987687
	Number of samples: 18525602
	Variance: 0.00980673
	Standard deviation: 0.0990289
	Maximum sample: 1
	Minimum sample: 0


Trafico 5:
Probabilidad de bloqueo estimada: 0.00986664
	Confidence interval 1: (0.00980004,0.00993324) with coverage: 0.95
	Confidence interval 2: (0.00976798,0.00996531) with coverage: 0.997171
	Number of samples: 18515415
	Variance: 0.00976929
	Standard deviation: 0.0988397
	Maximum sample: 1
	Minimum sample: 0


Trafico 6:
Probabilidad de bloqueo estimada: 0.00986833
	Confidence interval 1: (0.00978683,0.00994984) with coverage: 0.95
	Confidence interval 2: (0.00976965,0.00996702) with coverage: 0.980987
	Number of samples: 18517714
	Variance: 0.00977095
	Standard deviation: 0.0988481
	Maximum sample: 1
	Minimum sample: 0


Trafico 7:
Probabilidad de bloqueo estimada: 0.0098648
	Confidence interval 1: (0.00976627,0.00996334) with coverage: 0.95
	Confidence interval 2: (0.00976616,0.00996345) with coverage: 0.950153
	Number of samples: 18509846
	Variance: 0.00976749
	Standard deviation: 0.0988306
	Maximum sample: 1
	Minimum sample: 0


Trafico 8:
Probabilidad de bloqueo estimada: 0.00989778
	Confidence interval 1: (0.00980926,0.00998631) with coverage: 0.95
	Confidence interval 2: (0.00979881,0.00999676) with coverage: 0.970404
	Number of samples: 18511721
	Variance: 0.00979982
	Standard deviation: 0.098994
	Maximum sample: 1
	Minimum sample: 0


Trafico 9:
Probabilidad de bloqueo estimada: 0.00992448
	Confidence interval 1: (0.00983691,0.010012) with coverage: 0.95
	Confidence interval 2: (0.00982523,0.0100237) with coverage: 0.972372
	Number of samples: 18518956
	Variance: 0.00982598
	Standard deviation: 0.0991261
	Maximum sample: 1
	Minimum sample: 0


Trafico 10:
Probabilidad de bloqueo estimada: 0.00989493
	Confidence interval 1: (0.0098136,0.00997626) with coverage: 0.95
	Confidence interval 2: (0.00979598,0.00999388) with coverage: 0.981508
	Number of samples: 18520895
	Variance: 0.00979702
	Standard deviation: 0.0989799
	Maximum sample: 1
	Minimum sample: 0


Trafico 11:
Probabilidad de bloqueo estimada: 0.00990474
	Confidence interval 1: (0.00980603,0.0100034) with coverage: 0.95
	Confidence interval 2: (0.00980569,0.0100038) with coverage: 0.950682
	Number of samples: 18530019
	Variance: 0.00980664
	Standard deviation: 0.0990285
	Maximum sample: 1
	Minimum sample: 0


Trafico 12:
Probabilidad de bloqueo estimada: 0.0098892
	Confidence interval 1: (0.00982995,0.00994846) with coverage: 0.95
	Confidence interval 2: (0.00979031,0.0099881) with coverage: 0.998523
	Number of samples: 18519589
	Variance: 0.00979141
	Standard deviation: 0.0989515
	Maximum sample: 1
	Minimum sample: 0


Trafico 13:
Probabilidad de bloqueo estimada: 0.00995817
	Confidence interval 1: (0.00987203,0.0100443) with coverage: 0.95
	Confidence interval 2: (0.00985859,0.0100577) with coverage: 0.975508
	Number of samples: 18523588
	Variance: 0.009859
	Standard deviation: 0.0992925
	Maximum sample: 1
	Minimum sample: 0


Trafico 14:
Probabilidad de bloqueo estimada: 0.00987582
	Confidence interval 1: (0.00978547,0.00996616) with coverage: 0.95
	Confidence interval 2: (0.00977706,0.00997457) with coverage: 0.966901
	Number of samples: 18525357
	Variance: 0.00977828
	Standard deviation: 0.0988852
	Maximum sample: 1
	Minimum sample: 0


Trafico 15:
Probabilidad de bloqueo estimada: 0.00985804
	Confidence interval 1: (0.00977448,0.0099416) with coverage: 0.95
	Confidence interval 2: (0.00975946,0.00995662) with coverage: 0.977905
	Number of samples: 18519199
	Variance: 0.00976086
	Standard deviation: 0.0987971
	Maximum sample: 1
	Minimum sample: 0


