Semilla: 100
Tolerancia relativa: 0.01

Trafico 0:
Probabilidad de bloqueo estimada: 0.0489612
	Confidence interval 1: (0.0484793,0.0494431) with coverage: 0.95
	Confidence interval 2: (0.0484716,0.0494508) with coverage: 0.953485
	Number of samples: 3282476
	Variance: 0.046564
	Standard deviation: 0.215787
	Maximum sample: 1
	Minimum sample: 0


Trafico 1:
Probabilidad de bloqueo estimada: 0.0492671
	Confidence interval 1: (0.0487785,0.0497558) with coverage: 0.95
	Confidence interval 2: (0.0487745,0.0497598) with coverage: 0.951986
	Number of samples: 3286106
	Variance: 0.0468399
	Standard deviation: 0.216425
	Maximum sample: 1
	Minimum sample: 0


